\BOOKMARK [0][-]{chapter*.2}{\376\377\000P\000r\000e\000f\000a\000c\000e}{}% 1
\BOOKMARK [-1][-]{part.1}{\376\377\000I\000\040\000B\000a\000s\000i\000c\000\040\000t\000e\000c\000h\000n\000i\000q\000u\000e\000s}{}% 2
\BOOKMARK [0][-]{chapter.1}{\376\377\000I\000n\000t\000r\000o\000d\000u\000c\000t\000i\000o\000n}{part.1}% 3
\BOOKMARK [1][-]{section.1.1}{\376\377\000P\000r\000o\000g\000r\000a\000m\000m\000i\000n\000g\000\040\000l\000a\000n\000g\000u\000a\000g\000e\000s}{chapter.1}% 4
\BOOKMARK [1][-]{section.1.2}{\376\377\000I\000n\000p\000u\000t\000\040\000a\000n\000d\000\040\000o\000u\000t\000p\000u\000t}{chapter.1}% 5
\BOOKMARK [1][-]{section.1.3}{\376\377\000W\000o\000r\000k\000i\000n\000g\000\040\000w\000i\000t\000h\000\040\000n\000u\000m\000b\000e\000r\000s}{chapter.1}% 6
\BOOKMARK [1][-]{section.1.4}{\376\377\000S\000h\000o\000r\000t\000e\000n\000i\000n\000g\000\040\000c\000o\000d\000e}{chapter.1}% 7
\BOOKMARK [1][-]{section.1.5}{\376\377\000M\000a\000t\000h\000e\000m\000a\000t\000i\000c\000s}{chapter.1}% 8
\BOOKMARK [1][-]{section.1.6}{\376\377\000C\000o\000n\000t\000e\000s\000t\000s\000\040\000a\000n\000d\000\040\000r\000e\000s\000o\000u\000r\000c\000e\000s}{chapter.1}% 9
\BOOKMARK [0][-]{chapter.2}{\376\377\000T\000i\000m\000e\000\040\000c\000o\000m\000p\000l\000e\000x\000i\000t\000y}{part.1}% 10
\BOOKMARK [1][-]{section.2.1}{\376\377\000C\000a\000l\000c\000u\000l\000a\000t\000i\000o\000n\000\040\000r\000u\000l\000e\000s}{chapter.2}% 11
\BOOKMARK [1][-]{section.2.2}{\376\377\000C\000o\000m\000p\000l\000e\000x\000i\000t\000y\000\040\000c\000l\000a\000s\000s\000e\000s}{chapter.2}% 12
\BOOKMARK [1][-]{section.2.3}{\376\377\000E\000s\000t\000i\000m\000a\000t\000i\000n\000g\000\040\000e\000f\000f\000i\000c\000i\000e\000n\000c\000y}{chapter.2}% 13
\BOOKMARK [1][-]{section.2.4}{\376\377\000M\000a\000x\000i\000m\000u\000m\000\040\000s\000u\000b\000a\000r\000r\000a\000y\000\040\000s\000u\000m}{chapter.2}% 14
\BOOKMARK [0][-]{chapter.3}{\376\377\000S\000o\000r\000t\000i\000n\000g}{part.1}% 15
\BOOKMARK [1][-]{section.3.1}{\376\377\000S\000o\000r\000t\000i\000n\000g\000\040\000t\000h\000e\000o\000r\000y}{chapter.3}% 16
\BOOKMARK [1][-]{section.3.2}{\376\377\000S\000o\000r\000t\000i\000n\000g\000\040\000i\000n\000\040\000C\000+\000+}{chapter.3}% 17
\BOOKMARK [1][-]{section.3.3}{\376\377\000B\000i\000n\000a\000r\000y\000\040\000s\000e\000a\000r\000c\000h}{chapter.3}% 18
\BOOKMARK [0][-]{chapter.4}{\376\377\000D\000a\000t\000a\000\040\000s\000t\000r\000u\000c\000t\000u\000r\000e\000s}{part.1}% 19
\BOOKMARK [1][-]{section.4.1}{\376\377\000D\000y\000n\000a\000m\000i\000c\000\040\000a\000r\000r\000a\000y\000s}{chapter.4}% 20
\BOOKMARK [1][-]{section.4.2}{\376\377\000S\000e\000t\000\040\000s\000t\000r\000u\000c\000t\000u\000r\000e\000s}{chapter.4}% 21
\BOOKMARK [1][-]{section.4.3}{\376\377\000M\000a\000p\000\040\000s\000t\000r\000u\000c\000t\000u\000r\000e\000s}{chapter.4}% 22
\BOOKMARK [1][-]{section.4.4}{\376\377\000I\000t\000e\000r\000a\000t\000o\000r\000s\000\040\000a\000n\000d\000\040\000r\000a\000n\000g\000e\000s}{chapter.4}% 23
\BOOKMARK [1][-]{section.4.5}{\376\377\000O\000t\000h\000e\000r\000\040\000s\000t\000r\000u\000c\000t\000u\000r\000e\000s}{chapter.4}% 24
\BOOKMARK [1][-]{section.4.6}{\376\377\000C\000o\000m\000p\000a\000r\000i\000s\000o\000n\000\040\000t\000o\000\040\000s\000o\000r\000t\000i\000n\000g}{chapter.4}% 25
\BOOKMARK [0][-]{chapter.5}{\376\377\000C\000o\000m\000p\000l\000e\000t\000e\000\040\000s\000e\000a\000r\000c\000h}{part.1}% 26
\BOOKMARK [1][-]{section.5.1}{\376\377\000G\000e\000n\000e\000r\000a\000t\000i\000n\000g\000\040\000s\000u\000b\000s\000e\000t\000s}{chapter.5}% 27
\BOOKMARK [1][-]{section.5.2}{\376\377\000G\000e\000n\000e\000r\000a\000t\000i\000n\000g\000\040\000p\000e\000r\000m\000u\000t\000a\000t\000i\000o\000n\000s}{chapter.5}% 28
\BOOKMARK [1][-]{section.5.3}{\376\377\000B\000a\000c\000k\000t\000r\000a\000c\000k\000i\000n\000g}{chapter.5}% 29
\BOOKMARK [1][-]{section.5.4}{\376\377\000P\000r\000u\000n\000i\000n\000g\000\040\000t\000h\000e\000\040\000s\000e\000a\000r\000c\000h}{chapter.5}% 30
\BOOKMARK [1][-]{section.5.5}{\376\377\000M\000e\000e\000t\000\040\000i\000n\000\040\000t\000h\000e\000\040\000m\000i\000d\000d\000l\000e}{chapter.5}% 31
\BOOKMARK [0][-]{chapter.6}{\376\377\000G\000r\000e\000e\000d\000y\000\040\000a\000l\000g\000o\000r\000i\000t\000h\000m\000s}{part.1}% 32
\BOOKMARK [1][-]{section.6.1}{\376\377\000C\000o\000i\000n\000\040\000p\000r\000o\000b\000l\000e\000m}{chapter.6}% 33
\BOOKMARK [1][-]{section.6.2}{\376\377\000S\000c\000h\000e\000d\000u\000l\000i\000n\000g}{chapter.6}% 34
\BOOKMARK [1][-]{section.6.3}{\376\377\000T\000a\000s\000k\000s\000\040\000a\000n\000d\000\040\000d\000e\000a\000d\000l\000i\000n\000e\000s}{chapter.6}% 35
\BOOKMARK [1][-]{section.6.4}{\376\377\000M\000i\000n\000i\000m\000i\000z\000i\000n\000g\000\040\000s\000u\000m\000s}{chapter.6}% 36
\BOOKMARK [1][-]{section.6.5}{\376\377\000D\000a\000t\000a\000\040\000c\000o\000m\000p\000r\000e\000s\000s\000i\000o\000n}{chapter.6}% 37
\BOOKMARK [0][-]{chapter.7}{\376\377\000D\000y\000n\000a\000m\000i\000c\000\040\000p\000r\000o\000g\000r\000a\000m\000m\000i\000n\000g}{part.1}% 38
\BOOKMARK [1][-]{section.7.1}{\376\377\000C\000o\000i\000n\000\040\000p\000r\000o\000b\000l\000e\000m}{chapter.7}% 39
\BOOKMARK [1][-]{section.7.2}{\376\377\000L\000o\000n\000g\000e\000s\000t\000\040\000i\000n\000c\000r\000e\000a\000s\000i\000n\000g\000\040\000s\000u\000b\000s\000e\000q\000u\000e\000n\000c\000e}{chapter.7}% 40
\BOOKMARK [1][-]{section.7.3}{\376\377\000P\000a\000t\000h\000s\000\040\000i\000n\000\040\000a\000\040\000g\000r\000i\000d}{chapter.7}% 41
\BOOKMARK [1][-]{section.7.4}{\376\377\000K\000n\000a\000p\000s\000a\000c\000k\000\040\000p\000r\000o\000b\000l\000e\000m\000s}{chapter.7}% 42
\BOOKMARK [1][-]{section.7.5}{\376\377\000E\000d\000i\000t\000\040\000d\000i\000s\000t\000a\000n\000c\000e}{chapter.7}% 43
\BOOKMARK [1][-]{section.7.6}{\376\377\000C\000o\000u\000n\000t\000i\000n\000g\000\040\000t\000i\000l\000i\000n\000g\000s}{chapter.7}% 44
\BOOKMARK [0][-]{chapter.8}{\376\377\000A\000m\000o\000r\000t\000i\000z\000e\000d\000\040\000a\000n\000a\000l\000y\000s\000i\000s}{part.1}% 45
\BOOKMARK [1][-]{section.8.1}{\376\377\000T\000w\000o\000\040\000p\000o\000i\000n\000t\000e\000r\000s\000\040\000m\000e\000t\000h\000o\000d}{chapter.8}% 46
\BOOKMARK [1][-]{section.8.2}{\376\377\000N\000e\000a\000r\000e\000s\000t\000\040\000s\000m\000a\000l\000l\000e\000r\000\040\000e\000l\000e\000m\000e\000n\000t\000s}{chapter.8}% 47
\BOOKMARK [1][-]{section.8.3}{\376\377\000S\000l\000i\000d\000i\000n\000g\000\040\000w\000i\000n\000d\000o\000w\000\040\000m\000i\000n\000i\000m\000u\000m}{chapter.8}% 48
\BOOKMARK [0][-]{chapter.9}{\376\377\000R\000a\000n\000g\000e\000\040\000q\000u\000e\000r\000i\000e\000s}{part.1}% 49
\BOOKMARK [1][-]{section.9.1}{\376\377\000S\000t\000a\000t\000i\000c\000\040\000a\000r\000r\000a\000y\000\040\000q\000u\000e\000r\000i\000e\000s}{chapter.9}% 50
\BOOKMARK [1][-]{section.9.2}{\376\377\000B\000i\000n\000a\000r\000y\000\040\000i\000n\000d\000e\000x\000e\000d\000\040\000t\000r\000e\000e}{chapter.9}% 51
\BOOKMARK [1][-]{section.9.3}{\376\377\000S\000e\000g\000m\000e\000n\000t\000\040\000t\000r\000e\000e}{chapter.9}% 52
\BOOKMARK [1][-]{section.9.4}{\376\377\000A\000d\000d\000i\000t\000i\000o\000n\000a\000l\000\040\000t\000e\000c\000h\000n\000i\000q\000u\000e\000s}{chapter.9}% 53
\BOOKMARK [0][-]{chapter.10}{\376\377\000B\000i\000t\000\040\000m\000a\000n\000i\000p\000u\000l\000a\000t\000i\000o\000n}{part.1}% 54
\BOOKMARK [1][-]{section.10.1}{\376\377\000B\000i\000t\000\040\000r\000e\000p\000r\000e\000s\000e\000n\000t\000a\000t\000i\000o\000n}{chapter.10}% 55
\BOOKMARK [1][-]{section.10.2}{\376\377\000B\000i\000t\000\040\000o\000p\000e\000r\000a\000t\000i\000o\000n\000s}{chapter.10}% 56
\BOOKMARK [1][-]{section.10.3}{\376\377\000R\000e\000p\000r\000e\000s\000e\000n\000t\000i\000n\000g\000\040\000s\000e\000t\000s}{chapter.10}% 57
\BOOKMARK [1][-]{section.10.4}{\376\377\000B\000i\000t\000\040\000o\000p\000t\000i\000m\000i\000z\000a\000t\000i\000o\000n\000s}{chapter.10}% 58
\BOOKMARK [1][-]{section.10.5}{\376\377\000D\000y\000n\000a\000m\000i\000c\000\040\000p\000r\000o\000g\000r\000a\000m\000m\000i\000n\000g}{chapter.10}% 59
\BOOKMARK [-1][-]{part.2}{\376\377\000I\000I\000\040\000G\000r\000a\000p\000h\000\040\000a\000l\000g\000o\000r\000i\000t\000h\000m\000s}{}% 60
\BOOKMARK [0][-]{chapter.11}{\376\377\000B\000a\000s\000i\000c\000s\000\040\000o\000f\000\040\000g\000r\000a\000p\000h\000s}{part.2}% 61
\BOOKMARK [1][-]{section.11.1}{\376\377\000G\000r\000a\000p\000h\000\040\000t\000e\000r\000m\000i\000n\000o\000l\000o\000g\000y}{chapter.11}% 62
\BOOKMARK [1][-]{section.11.2}{\376\377\000G\000r\000a\000p\000h\000\040\000r\000e\000p\000r\000e\000s\000e\000n\000t\000a\000t\000i\000o\000n}{chapter.11}% 63
\BOOKMARK [0][-]{chapter.12}{\376\377\000G\000r\000a\000p\000h\000\040\000t\000r\000a\000v\000e\000r\000s\000a\000l}{part.2}% 64
\BOOKMARK [1][-]{section.12.1}{\376\377\000D\000e\000p\000t\000h\000-\000f\000i\000r\000s\000t\000\040\000s\000e\000a\000r\000c\000h}{chapter.12}% 65
\BOOKMARK [1][-]{section.12.2}{\376\377\000B\000r\000e\000a\000d\000t\000h\000-\000f\000i\000r\000s\000t\000\040\000s\000e\000a\000r\000c\000h}{chapter.12}% 66
\BOOKMARK [1][-]{section.12.3}{\376\377\000A\000p\000p\000l\000i\000c\000a\000t\000i\000o\000n\000s}{chapter.12}% 67
\BOOKMARK [0][-]{chapter.13}{\376\377\000S\000h\000o\000r\000t\000e\000s\000t\000\040\000p\000a\000t\000h\000s}{part.2}% 68
\BOOKMARK [1][-]{section.13.1}{\376\377\000B\000e\000l\000l\000m\000a\000n\040\023\000F\000o\000r\000d\000\040\000a\000l\000g\000o\000r\000i\000t\000h\000m}{chapter.13}% 69
\BOOKMARK [1][-]{section.13.2}{\376\377\000D\000i\000j\000k\000s\000t\000r\000a\000'\000s\000\040\000a\000l\000g\000o\000r\000i\000t\000h\000m}{chapter.13}% 70
\BOOKMARK [1][-]{section.13.3}{\376\377\000F\000l\000o\000y\000d\040\023\000W\000a\000r\000s\000h\000a\000l\000l\000\040\000a\000l\000g\000o\000r\000i\000t\000h\000m}{chapter.13}% 71
\BOOKMARK [0][-]{chapter.14}{\376\377\000T\000r\000e\000e\000\040\000a\000l\000g\000o\000r\000i\000t\000h\000m\000s}{part.2}% 72
\BOOKMARK [1][-]{section.14.1}{\376\377\000T\000r\000e\000e\000\040\000t\000r\000a\000v\000e\000r\000s\000a\000l}{chapter.14}% 73
\BOOKMARK [1][-]{section.14.2}{\376\377\000D\000i\000a\000m\000e\000t\000e\000r}{chapter.14}% 74
\BOOKMARK [1][-]{section.14.3}{\376\377\000A\000l\000l\000\040\000l\000o\000n\000g\000e\000s\000t\000\040\000p\000a\000t\000h\000s}{chapter.14}% 75
\BOOKMARK [1][-]{section.14.4}{\376\377\000B\000i\000n\000a\000r\000y\000\040\000t\000r\000e\000e\000s}{chapter.14}% 76
\BOOKMARK [0][-]{chapter.15}{\376\377\000S\000p\000a\000n\000n\000i\000n\000g\000\040\000t\000r\000e\000e\000s}{part.2}% 77
\BOOKMARK [1][-]{section.15.1}{\376\377\000K\000r\000u\000s\000k\000a\000l\000'\000s\000\040\000a\000l\000g\000o\000r\000i\000t\000h\000m}{chapter.15}% 78
\BOOKMARK [1][-]{section.15.2}{\376\377\000U\000n\000i\000o\000n\000-\000f\000i\000n\000d\000\040\000s\000t\000r\000u\000c\000t\000u\000r\000e}{chapter.15}% 79
\BOOKMARK [1][-]{section.15.3}{\376\377\000P\000r\000i\000m\000'\000s\000\040\000a\000l\000g\000o\000r\000i\000t\000h\000m}{chapter.15}% 80
\BOOKMARK [0][-]{chapter.16}{\376\377\000D\000i\000r\000e\000c\000t\000e\000d\000\040\000g\000r\000a\000p\000h\000s}{part.2}% 81
\BOOKMARK [1][-]{section.16.1}{\376\377\000T\000o\000p\000o\000l\000o\000g\000i\000c\000a\000l\000\040\000s\000o\000r\000t\000i\000n\000g}{chapter.16}% 82
\BOOKMARK [1][-]{section.16.2}{\376\377\000D\000y\000n\000a\000m\000i\000c\000\040\000p\000r\000o\000g\000r\000a\000m\000m\000i\000n\000g}{chapter.16}% 83
\BOOKMARK [1][-]{section.16.3}{\376\377\000S\000u\000c\000c\000e\000s\000s\000o\000r\000\040\000p\000a\000t\000h\000s}{chapter.16}% 84
\BOOKMARK [1][-]{section.16.4}{\376\377\000C\000y\000c\000l\000e\000\040\000d\000e\000t\000e\000c\000t\000i\000o\000n}{chapter.16}% 85
\BOOKMARK [0][-]{chapter.17}{\376\377\000S\000t\000r\000o\000n\000g\000\040\000c\000o\000n\000n\000e\000c\000t\000i\000v\000i\000t\000y}{part.2}% 86
\BOOKMARK [1][-]{section.17.1}{\376\377\000K\000o\000s\000a\000r\000a\000j\000u\000'\000s\000\040\000a\000l\000g\000o\000r\000i\000t\000h\000m}{chapter.17}% 87
\BOOKMARK [1][-]{section.17.2}{\376\377\0002\000S\000A\000T\000\040\000p\000r\000o\000b\000l\000e\000m}{chapter.17}% 88
\BOOKMARK [0][-]{chapter.18}{\376\377\000T\000r\000e\000e\000\040\000q\000u\000e\000r\000i\000e\000s}{part.2}% 89
\BOOKMARK [1][-]{section.18.1}{\376\377\000F\000i\000n\000d\000i\000n\000g\000\040\000a\000n\000c\000e\000s\000t\000o\000r\000s}{chapter.18}% 90
\BOOKMARK [1][-]{section.18.2}{\376\377\000S\000u\000b\000t\000r\000e\000e\000s\000\040\000a\000n\000d\000\040\000p\000a\000t\000h\000s}{chapter.18}% 91
\BOOKMARK [1][-]{section.18.3}{\376\377\000L\000o\000w\000e\000s\000t\000\040\000c\000o\000m\000m\000o\000n\000\040\000a\000n\000c\000e\000s\000t\000o\000r}{chapter.18}% 92
\BOOKMARK [1][-]{section.18.4}{\376\377\000O\000f\000f\000l\000i\000n\000e\000\040\000a\000l\000g\000o\000r\000i\000t\000h\000m\000s}{chapter.18}% 93
\BOOKMARK [0][-]{chapter.19}{\376\377\000P\000a\000t\000h\000s\000\040\000a\000n\000d\000\040\000c\000i\000r\000c\000u\000i\000t\000s}{part.2}% 94
\BOOKMARK [1][-]{section.19.1}{\376\377\000E\000u\000l\000e\000r\000i\000a\000n\000\040\000p\000a\000t\000h\000s}{chapter.19}% 95
\BOOKMARK [1][-]{section.19.2}{\376\377\000H\000a\000m\000i\000l\000t\000o\000n\000i\000a\000n\000\040\000p\000a\000t\000h\000s}{chapter.19}% 96
\BOOKMARK [1][-]{section.19.3}{\376\377\000D\000e\000\040\000B\000r\000u\000i\000j\000n\000\040\000s\000e\000q\000u\000e\000n\000c\000e\000s}{chapter.19}% 97
\BOOKMARK [1][-]{section.19.4}{\376\377\000K\000n\000i\000g\000h\000t\000'\000s\000\040\000t\000o\000u\000r\000s}{chapter.19}% 98
\BOOKMARK [0][-]{chapter.20}{\376\377\000F\000l\000o\000w\000s\000\040\000a\000n\000d\000\040\000c\000u\000t\000s}{part.2}% 99
\BOOKMARK [1][-]{section.20.1}{\376\377\000F\000o\000r\000d\040\023\000F\000u\000l\000k\000e\000r\000s\000o\000n\000\040\000a\000l\000g\000o\000r\000i\000t\000h\000m}{chapter.20}% 100
\BOOKMARK [1][-]{section.20.2}{\376\377\000D\000i\000s\000j\000o\000i\000n\000t\000\040\000p\000a\000t\000h\000s}{chapter.20}% 101
\BOOKMARK [1][-]{section.20.3}{\376\377\000M\000a\000x\000i\000m\000u\000m\000\040\000m\000a\000t\000c\000h\000i\000n\000g\000s}{chapter.20}% 102
\BOOKMARK [1][-]{section.20.4}{\376\377\000P\000a\000t\000h\000\040\000c\000o\000v\000e\000r\000s}{chapter.20}% 103
\BOOKMARK [-1][-]{part.3}{\376\377\000I\000I\000I\000\040\000A\000d\000v\000a\000n\000c\000e\000d\000\040\000t\000o\000p\000i\000c\000s}{}% 104
\BOOKMARK [0][-]{chapter.21}{\376\377\000N\000u\000m\000b\000e\000r\000\040\000t\000h\000e\000o\000r\000y}{part.3}% 105
\BOOKMARK [1][-]{section.21.1}{\376\377\000P\000r\000i\000m\000e\000s\000\040\000a\000n\000d\000\040\000f\000a\000c\000t\000o\000r\000s}{chapter.21}% 106
\BOOKMARK [1][-]{section.21.2}{\376\377\000M\000o\000d\000u\000l\000a\000r\000\040\000a\000r\000i\000t\000h\000m\000e\000t\000i\000c}{chapter.21}% 107
\BOOKMARK [1][-]{section.21.3}{\376\377\000S\000o\000l\000v\000i\000n\000g\000\040\000e\000q\000u\000a\000t\000i\000o\000n\000s}{chapter.21}% 108
\BOOKMARK [1][-]{section.21.4}{\376\377\000O\000t\000h\000e\000r\000\040\000r\000e\000s\000u\000l\000t\000s}{chapter.21}% 109
\BOOKMARK [0][-]{chapter.22}{\376\377\000C\000o\000m\000b\000i\000n\000a\000t\000o\000r\000i\000c\000s}{part.3}% 110
\BOOKMARK [1][-]{section.22.1}{\376\377\000B\000i\000n\000o\000m\000i\000a\000l\000\040\000c\000o\000e\000f\000f\000i\000c\000i\000e\000n\000t\000s}{chapter.22}% 111
\BOOKMARK [1][-]{section.22.2}{\376\377\000C\000a\000t\000a\000l\000a\000n\000\040\000n\000u\000m\000b\000e\000r\000s}{chapter.22}% 112
\BOOKMARK [1][-]{section.22.3}{\376\377\000I\000n\000c\000l\000u\000s\000i\000o\000n\000-\000e\000x\000c\000l\000u\000s\000i\000o\000n}{chapter.22}% 113
\BOOKMARK [1][-]{section.22.4}{\376\377\000B\000u\000r\000n\000s\000i\000d\000e\000'\000s\000\040\000l\000e\000m\000m\000a}{chapter.22}% 114
\BOOKMARK [1][-]{section.22.5}{\376\377\000C\000a\000y\000l\000e\000y\000'\000s\000\040\000f\000o\000r\000m\000u\000l\000a}{chapter.22}% 115
\BOOKMARK [0][-]{chapter.23}{\376\377\000M\000a\000t\000r\000i\000c\000e\000s}{part.3}% 116
\BOOKMARK [1][-]{section.23.1}{\376\377\000O\000p\000e\000r\000a\000t\000i\000o\000n\000s}{chapter.23}% 117
\BOOKMARK [1][-]{section.23.2}{\376\377\000L\000i\000n\000e\000a\000r\000\040\000r\000e\000c\000u\000r\000r\000e\000n\000c\000e\000s}{chapter.23}% 118
\BOOKMARK [1][-]{section.23.3}{\376\377\000G\000r\000a\000p\000h\000s\000\040\000a\000n\000d\000\040\000m\000a\000t\000r\000i\000c\000e\000s}{chapter.23}% 119
\BOOKMARK [0][-]{chapter.24}{\376\377\000P\000r\000o\000b\000a\000b\000i\000l\000i\000t\000y}{part.3}% 120
\BOOKMARK [1][-]{section.24.1}{\376\377\000C\000a\000l\000c\000u\000l\000a\000t\000i\000o\000n}{chapter.24}% 121
\BOOKMARK [1][-]{section.24.2}{\376\377\000E\000v\000e\000n\000t\000s}{chapter.24}% 122
\BOOKMARK [1][-]{section.24.3}{\376\377\000R\000a\000n\000d\000o\000m\000\040\000v\000a\000r\000i\000a\000b\000l\000e\000s}{chapter.24}% 123
\BOOKMARK [1][-]{section.24.4}{\376\377\000M\000a\000r\000k\000o\000v\000\040\000c\000h\000a\000i\000n\000s}{chapter.24}% 124
\BOOKMARK [1][-]{section.24.5}{\376\377\000R\000a\000n\000d\000o\000m\000i\000z\000e\000d\000\040\000a\000l\000g\000o\000r\000i\000t\000h\000m\000s}{chapter.24}% 125
\BOOKMARK [0][-]{chapter.25}{\376\377\000G\000a\000m\000e\000\040\000t\000h\000e\000o\000r\000y}{part.3}% 126
\BOOKMARK [1][-]{section.25.1}{\376\377\000G\000a\000m\000e\000\040\000s\000t\000a\000t\000e\000s}{chapter.25}% 127
\BOOKMARK [1][-]{section.25.2}{\376\377\000N\000i\000m\000\040\000g\000a\000m\000e}{chapter.25}% 128
\BOOKMARK [1][-]{section.25.3}{\376\377\000S\000p\000r\000a\000g\000u\000e\040\023\000G\000r\000u\000n\000d\000y\000\040\000t\000h\000e\000o\000r\000e\000m}{chapter.25}% 129
\BOOKMARK [0][-]{chapter.26}{\376\377\000S\000t\000r\000i\000n\000g\000\040\000a\000l\000g\000o\000r\000i\000t\000h\000m\000s}{part.3}% 130
\BOOKMARK [1][-]{section.26.1}{\376\377\000S\000t\000r\000i\000n\000g\000\040\000t\000e\000r\000m\000i\000n\000o\000l\000o\000g\000y}{chapter.26}% 131
\BOOKMARK [1][-]{section.26.2}{\376\377\000T\000r\000i\000e\000\040\000s\000t\000r\000u\000c\000t\000u\000r\000e}{chapter.26}% 132
\BOOKMARK [1][-]{section.26.3}{\376\377\000S\000t\000r\000i\000n\000g\000\040\000h\000a\000s\000h\000i\000n\000g}{chapter.26}% 133
\BOOKMARK [1][-]{section.26.4}{\376\377\000Z\000-\000a\000l\000g\000o\000r\000i\000t\000h\000m}{chapter.26}% 134
\BOOKMARK [0][-]{chapter.27}{\376\377\000S\000q\000u\000a\000r\000e\000\040\000r\000o\000o\000t\000\040\000a\000l\000g\000o\000r\000i\000t\000h\000m\000s}{part.3}% 135
\BOOKMARK [1][-]{section.27.1}{\376\377\000C\000o\000m\000b\000i\000n\000i\000n\000g\000\040\000a\000l\000g\000o\000r\000i\000t\000h\000m\000s}{chapter.27}% 136
\BOOKMARK [1][-]{section.27.2}{\376\377\000I\000n\000t\000e\000g\000e\000r\000\040\000p\000a\000r\000t\000i\000t\000i\000o\000n\000s}{chapter.27}% 137
\BOOKMARK [1][-]{section.27.3}{\376\377\000M\000o\000'\000s\000\040\000a\000l\000g\000o\000r\000i\000t\000h\000m}{chapter.27}% 138
\BOOKMARK [0][-]{chapter.28}{\376\377\000S\000e\000g\000m\000e\000n\000t\000\040\000t\000r\000e\000e\000s\000\040\000r\000e\000v\000i\000s\000i\000t\000e\000d}{part.3}% 139
\BOOKMARK [1][-]{section.28.1}{\376\377\000L\000a\000z\000y\000\040\000p\000r\000o\000p\000a\000g\000a\000t\000i\000o\000n}{chapter.28}% 140
\BOOKMARK [1][-]{section.28.2}{\376\377\000D\000y\000n\000a\000m\000i\000c\000\040\000t\000r\000e\000e\000s}{chapter.28}% 141
\BOOKMARK [1][-]{section.28.3}{\376\377\000D\000a\000t\000a\000\040\000s\000t\000r\000u\000c\000t\000u\000r\000e\000s}{chapter.28}% 142
\BOOKMARK [1][-]{section.28.4}{\376\377\000T\000w\000o\000-\000d\000i\000m\000e\000n\000s\000i\000o\000n\000a\000l\000i\000t\000y}{chapter.28}% 143
\BOOKMARK [0][-]{chapter.29}{\376\377\000G\000e\000o\000m\000e\000t\000r\000y}{part.3}% 144
\BOOKMARK [1][-]{section.29.1}{\376\377\000C\000o\000m\000p\000l\000e\000x\000\040\000n\000u\000m\000b\000e\000r\000s}{chapter.29}% 145
\BOOKMARK [1][-]{section.29.2}{\376\377\000P\000o\000i\000n\000t\000s\000\040\000a\000n\000d\000\040\000l\000i\000n\000e\000s}{chapter.29}% 146
\BOOKMARK [1][-]{section.29.3}{\376\377\000P\000o\000l\000y\000g\000o\000n\000\040\000a\000r\000e\000a}{chapter.29}% 147
\BOOKMARK [1][-]{section.29.4}{\376\377\000D\000i\000s\000t\000a\000n\000c\000e\000\040\000f\000u\000n\000c\000t\000i\000o\000n\000s}{chapter.29}% 148
\BOOKMARK [0][-]{chapter.30}{\376\377\000S\000w\000e\000e\000p\000\040\000l\000i\000n\000e\000\040\000a\000l\000g\000o\000r\000i\000t\000h\000m\000s}{part.3}% 149
\BOOKMARK [1][-]{section.30.1}{\376\377\000I\000n\000t\000e\000r\000s\000e\000c\000t\000i\000o\000n\000\040\000p\000o\000i\000n\000t\000s}{chapter.30}% 150
\BOOKMARK [1][-]{section.30.2}{\376\377\000C\000l\000o\000s\000e\000s\000t\000\040\000p\000a\000i\000r\000\040\000p\000r\000o\000b\000l\000e\000m}{chapter.30}% 151
\BOOKMARK [1][-]{section.30.3}{\376\377\000C\000o\000n\000v\000e\000x\000\040\000h\000u\000l\000l\000\040\000p\000r\000o\000b\000l\000e\000m}{chapter.30}% 152
\BOOKMARK [0][-]{section*.223}{\376\377\000B\000i\000b\000l\000i\000o\000g\000r\000a\000p\000h\000y}{part.3}% 153
